<?xml version="1.0" encoding="UTF-8"?>
<!-- Generated by org.testng.reporters.JUnitReportReporter -->
<testsuite hostname="DESKTOP-O656E78" failures="0" tests="1" name="TestLayer.LoginPageTest" time="17.489" errors="0" timestamp="2023-05-02T13:23:52 IST" skipped="0">
  <testcase classname="TestLayer.LoginPageTest" name="validateLoginFunctionality" time="17.489"/>
  <system-out/>
</testsuite> <!-- TestLayer.LoginPageTest -->
